[
  {
    "instance_id": "rocprim_rocprim_include_rocprim_block_block_adjacent_difference_hpp",
    "exit_status": "Submitted",
    "reward": 0.0,
    "speedup": -1.0,
    "success": true,
    "error": null,
    "model_calls": 25,
    "model_cost": 0.0,
    "evaluation_info": {
      "request": {
        "url": "http://10.67.77.184:9528/evaluate_v3",
        "payload": {
          "instance_id": "rocprim_rocprim_include_rocprim_block_block_adjacent_difference_hpp",
          "container_id": "3c323397ab297638ad2c394073f79d2c0e5520d1233223dbf40770f3074f5143",
          "mode": "benchmark"
        },
        "timeout_sec": 3600
      },
      "response": {
        "status_code": 200,
        "raw": "{\"build_output\":\"[ 25%] Built target gtest\\n[ 50%] Built target gtest_main\\n[ 75%] Building CXX object test/rocprim/CMakeFiles/test_block_adjacent_difference.dir/test_block_adjacent_difference.parallel/test_block_adjacent_difference_0.cpp.o\\n[ 75%] Building CXX object test/rocprim/CMakeFiles/test_block_adjacent_difference.dir/test_block_adjacent_difference.parallel/test_block_adjacent_difference_1.cpp.o\\n[ 75%] Building CXX object test/rocprim/CMakeFiles/test_block_adjacent_difference.dir/test_block_adjacent_difference.parallel/test_block_adjacent_difference_2.cpp.o\\nIn file included from /app/rocm-libraries/projects/rocprim/build/test/rocprim/test_block_adjacent_difference.parallel/test_block_adjacent_difference_0.cpp:26:\\nIn file included from /app/rocm-libraries/projects/rocprim/rocprim/include/rocprim/block/block_adjacent_difference.hpp:34:\\n/app/rocm-libraries/projects/rocprim/rocprim/include/rocprim/block/detail/block_adjacent_difference_impl.hpp:125:122: error: template argument for non-type template parameter must be an expression\\n  125 |         if constexpr(ItemsPerThread == 1 && BlockSize <= ROCPRIM_WARP_SIZE && ::rocprim::detail::is_warpsize_shuffleable<T>::value)\\n      |                                                                                                                          ^\\n/app/rocm-libraries/projects/rocprim/rocprim/include/rocprim/intrinsics/../detail/various.hpp:116:23: note: template parameter is declared here\\n  116 | template<unsigned int WarpSize>\\n      |                       ^\\nIn file included from /app/rocm-libraries/projects/rocprim/build/test/rocprim/test_block_adjacent_difference.parallel/test_block_adjacent_difference_0.cpp:26:\\nIn file included from /app/rocm-libraries/projects/rocprim/rocprim/include/rocprim/block/block_adjacent_difference.hpp:34:\\n/app/rocm-libraries/projects/rocprim/rocprim/include/rocprim/block/detail/block_adjacent_difference_impl.hpp:125:58: error: use of undeclared identifier 'ROCPRIM_WARP_SIZE'\\n  125 |         if constexpr(ItemsPerThread == 1 && BlockSize <= ROCPRIM_WARP_SIZE && ::rocprim::detail::is_warpsize_shuffleable<T>::value)\\n      |                                                          ^\\nIn file included from /app/rocm-libraries/projects/rocprim/build/test/rocprim/test_block_adjacent_difference.parallel/test_block_adjacent_difference_2.cpp:26:\\nIn file included from /app/rocm-libraries/projects/rocprim/rocprim/include/rocprim/block/block_adjacent_difference.hpp:34:\\n/app/rocm-libraries/projects/rocprim/rocprim/include/rocprim/block/detail/block_adjacent_difference_impl.hpp:125:122: error: template argument for non-type template parameter must be an expression\\n  125 |         if constexpr(ItemsPerThread == 1 && BlockSize <= ROCPRIM_WARP_SIZE && ::rocprim::detail::is_warpsize_shuffleable<T>::value)\\n      |                                                                                                                          ^\\n/app/rocm-libraries/projects/rocprim/rocprim/include/rocprim/intrinsics/../detail/various.hpp:116:23: note: template parameter is declared here\\n  116 | template<unsigned int WarpSize>\\n      |                       ^\\nIn file included from /app/rocm-libraries/projects/rocprim/build/test/rocprim/test_block_adjacent_difference.parallel/test_block_adjacent_difference_2.cpp:26:\\nIn file included from /app/rocm-libraries/projects/rocprim/rocprim/include/rocprim/block/block_adjacent_difference.hpp:34:\\n/app/rocm-libraries/projects/rocprim/rocprim/include/rocprim/block/detail/block_adjacent_difference_impl.hpp:125:58: error: use of undeclared identifier 'ROCPRIM_WARP_SIZE'\\n  125 |         if constexpr(ItemsPerThread == 1 && BlockSize <= ROCPRIM_WARP_SIZE && ::rocprim::detail::is_warpsize_shuffleable<T>::value)\\n      |                                                          ^\\nIn file included from /app/rocm-libraries/projects/rocprim/build/test/rocprim/test_block_adjacent_difference.parallel/test_block_adjacent_difference_1.cpp:26:\\nIn file included from /app/rocm-libraries/projects/rocprim/rocprim/include/rocprim/block/block_adjacent_difference.hpp:34:\\n/app/rocm-libraries/projects/rocprim/rocprim/include/rocprim/block/detail/block_adjacent_difference_impl.hpp:125:122: error: template argument for non-type template parameter must be an expression\\n  125 |         if constexpr(ItemsPerThread == 1 && BlockSize <= ROCPRIM_WARP_SIZE && ::rocprim::detail::is_warpsize_shuffleable<T>::value)\\n      |                                                                                                                          ^\\n/app/rocm-libraries/projects/rocprim/rocprim/include/rocprim/intrinsics/../detail/various.hpp:116:23: note: template parameter is declared here\\n  116 | template<unsigned int WarpSize>\\n      |                       ^\\nIn file included from /app/rocm-libraries/projects/rocprim/build/test/rocprim/test_block_adjacent_difference.parallel/test_block_adjacent_difference_1.cpp:26:\\nIn file included from /app/rocm-libraries/projects/rocprim/rocprim/include/rocprim/block/block_adjacent_difference.hpp:34:\\n/app/rocm-libraries/projects/rocprim/rocprim/include/rocprim/block/detail/block_adjacent_difference_impl.hpp:125:58: error: use of undeclared identifier 'ROCPRIM_WARP_SIZE'\\n  125 |         if constexpr(ItemsPerThread == 1 && BlockSize <= ROCPRIM_WARP_SIZE && ::rocprim::detail::is_warpsize_shuffleable<T>::value)\\n      |                                                          ^\\n/app/rocm-libraries/projects/rocprim/rocprim/include/rocprim/block/detail/block_adjacent_difference_impl.hpp:129:43: error: no member named 'warp_shuffle_up' in namespace 'rocprim'\\n  129 |             predecessor_item = ::rocprim::warp_shuffle_up(predecessor_item, 1, ROCPRIM_WARP_SIZE);\\n      |                                ~~~~~~~~~~~^\\n/app/rocm-libraries/projects/rocprim/rocprim/include/rocprim/block/detail/block_adjacent_difference_impl.hpp:129:80: error: use of undeclared identifier 'ROCPRIM_WARP_SIZE'\\n  129 |             predecessor_item = ::rocprim::warp_shuffle_up(predecessor_item, 1, ROCPRIM_WARP_SIZE);\\n      |                                                                                ^\\n/app/rocm-libraries/projects/rocprim/rocprim/include/rocprim/block/detail/block_adjacent_difference_impl.hpp:129:43: error: no member named 'warp_shuffle_up' in namespace 'rocprim'\\n  129 |             predecessor_item = ::rocprim::warp_shuffle_up(predecessor_item, 1, ROCPRIM_WARP_SIZE);\\n      |                                ~~~~~~~~~~~^\\n/app/rocm-libraries/projects/rocprim/rocprim/include/rocprim/block/detail/block_adjacent_difference_impl.hpp:129:80: error: use of undeclared identifier 'ROCPRIM_WARP_SIZE'\\n  129 |             predecessor_item = ::rocprim::warp_shuffle_up(predecessor_item, 1, ROCPRIM_WARP_SIZE);\\n      |                                                                                ^\\n/app/rocm-libraries/projects/rocprim/rocprim/include/rocprim/block/detail/block_adjacent_difference_impl.hpp:129:43: error: no member named 'warp_shuffle_up' in namespace 'rocprim'\\n  129 |             predecessor_item = ::rocprim::warp_shuffle_up(predecessor_item, 1, ROCPRIM_WARP_SIZE);\\n      |                                ~~~~~~~~~~~^\\n/app/rocm-libraries/projects/rocprim/rocprim/include/rocprim/block/detail/block_adjacent_difference_impl.hpp:129:80: error: use of undeclared identifier 'ROCPRIM_WARP_SIZE'\\n  129 |             predecessor_item = ::rocprim::warp_shuffle_up(predecessor_item, 1, ROCPRIM_WARP_SIZE);\\n      |                                                                                ^\\n/app/rocm-libraries/projects/rocprim/rocprim/include/rocprim/block/detail/block_adjacent_difference_impl.hpp:285:122: error: template argument for non-type template parameter must be an expression\\n  285 |         if constexpr(ItemsPerThread == 1 && BlockSize <= ROCPRIM_WARP_SIZE && ::rocprim::detail::is_warpsize_shuffleable<T>::value)\\n      |                                                                                                                          ^\\n/app/rocm-libraries/projects/rocprim/rocprim/include/rocprim/intrinsics/../detail/various.hpp:116:23: note: template parameter is declared here\\n  116 | template<unsigned int WarpSize>\\n      |                       ^\\nIn file included from /app/rocm-libraries/projects/rocprim/build/test/rocprim/test_block_adjacent_difference.parallel/test_block_adjacent_difference_0.cpp:26:\\nIn file included from /app/rocm-libraries/projects/rocprim/rocprim/include/rocprim/block/block_adjacent_difference.hpp:34:\\n/app/rocm-libraries/projects/rocprim/rocprim/include/rocprim/block/detail/block_adjacent_difference_impl.hpp:285:58: error: use of undeclared identifier 'ROCPRIM_WARP_SIZE'\\n  285 |         if constexpr(ItemsPerThread == 1 && BlockSize <= ROCPRIM_WARP_SIZE && ::rocprim::detail::is_warpsize_shuffleable<T>::value)\\n      |                                                          ^\\n/app/rocm-libraries/projects/rocprim/rocprim/include/rocprim/block/detail/block_adjacent_difference_impl.hpp:285:122: error: template argument for non-type template parameter must be an expression\\n  285 |         if constexpr(ItemsPerThread == 1 && BlockSize <= ROCPRIM_WARP_SIZE && ::rocprim::detail::is_warpsize_shuffleable<T>::value)\\n      |                                                                                                                          ^\\n/app/rocm-libraries/projects/rocprim/rocprim/include/rocprim/intrinsics/../detail/various.hpp:116:23: note: template parameter is declared here\\n  116 | template<unsigned int WarpSize>\\n      |                       ^\\nIn file included from /app/rocm-libraries/projects/rocprim/build/test/rocprim/test_block_adjacent_difference.parallel/test_block_adjacent_difference_2.cpp:26:\\nIn file included from /app/rocm-libraries/projects/rocprim/rocprim/include/rocprim/block/block_adjacent_difference.hpp:34:\\n/app/rocm-libraries/projects/rocprim/rocprim/include/rocprim/block/detail/block_adjacent_difference_impl.hpp:285:58: error: use of undeclared identifier 'ROCPRIM_WARP_SIZE'\\n  285 |         if constexpr(ItemsPerThread == 1 && BlockSize <= ROCPRIM_WARP_SIZE && ::rocprim::detail::is_warpsize_shuffleable<T>::value)\\n      |                                                          ^\\n/app/rocm-libraries/projects/rocprim/rocprim/include/rocprim/block/detail/block_adjacent_difference_impl.hpp:285:122: error: template argument for non-type template parameter must be an expression\\n  285 |         if constexpr(ItemsPerThread == 1 && BlockSize <= ROCPRIM_WARP_SIZE && ::rocprim::detail::is_warpsize_shuffleable<T>::value)\\n      |                                                                                                                          ^\\n/app/rocm-libraries/projects/rocprim/rocprim/include/rocprim/intrinsics/../detail/various.hpp:116:23: note: template parameter is declared here\\n  116 | template<unsigned int WarpSize>\\n      |                       ^\\nIn file included from /app/rocm-libraries/projects/rocprim/build/test/rocprim/test_block_adjacent_difference.parallel/test_block_adjacent_difference_1.cpp:26:\\nIn file included from /app/rocm-libraries/projects/rocprim/rocprim/include/rocprim/block/block_adjacent_difference.hpp:34:\\n/app/rocm-libraries/projects/rocprim/rocprim/include/rocprim/block/detail/block_adjacent_difference_impl.hpp:285:58: error: use of undeclared identifier 'ROCPRIM_WARP_SIZE'\\n  285 |         if constexpr(ItemsPerThread == 1 && BlockSize <= ROCPRIM_WARP_SIZE && ::rocprim::detail::is_warpsize_shuffleable<T>::value)\\n      |                                                          ^\\n/app/rocm-libraries/projects/rocprim/rocprim/include/rocprim/block/detail/block_adjacent_difference_impl.hpp:289:41: error: no member named 'warp_shuffle_down' in namespace 'rocprim'\\n  289 |             successor_item = ::rocprim::warp_shuffle_down(successor_item, 1, ROCPRIM_WARP_SIZE);\\n      |                              ~~~~~~~~~~~^\\n/app/rocm-libraries/projects/rocprim/rocprim/include/rocprim/block/detail/block_adjacent_difference_impl.hpp:289:78: error: use of undeclared identifier 'ROCPRIM_WARP_SIZE'\\n  289 |             successor_item = ::rocprim::warp_shuffle_down(successor_item, 1, ROCPRIM_WARP_SIZE);\\n      |                                                                              ^\\n/app/rocm-libraries/projects/rocprim/rocprim/include/rocprim/block/detail/block_adjacent_difference_impl.hpp:289:41: error: no member named 'warp_shuffle_down' in namespace 'rocprim'\\n  289 |             successor_item = ::rocprim::warp_shuffle_down(successor_item, 1, ROCPRIM_WARP_SIZE);\\n      |                              ~~~~~~~~~~~^\\n/app/rocm-libraries/projects/rocprim/rocprim/include/rocprim/block/detail/block_adjacent_difference_impl.hpp:289:78: error: use of undeclared identifier 'ROCPRIM_WARP_SIZE'\\n  289 |             successor_item = ::rocprim::warp_shuffle_down(successor_item, 1, ROCPRIM_WARP_SIZE);\\n      |                                                                              ^\\n/app/rocm-libraries/projects/rocprim/rocprim/include/rocprim/block/detail/block_adjacent_difference_impl.hpp:289:41: error: no member named 'warp_shuffle_down' in namespace 'rocprim'\\n  289 |             successor_item = ::rocprim::warp_shuffle_down(successor_item, 1, ROCPRIM_WARP_SIZE);\\n      |                              ~~~~~~~~~~~^\\n/app/rocm-libraries/projects/rocprim/rocprim/include/rocprim/block/detail/block_adjacent_difference_impl.hpp:289:78: error: use of undeclared identifier 'ROCPRIM_WARP_SIZE'\\n  289 |             successor_item = ::rocprim::warp_shuffle_down(successor_item, 1, ROCPRIM_WARP_SIZE);\\n      |                                                                              ^\\n8 errors generated when compiling for gfx942.\\nfailed to execute:/opt/rocm-7.0.2/lib/llvm/bin/clang++  --offload-arch=gfx942  -DUSE_PROF_API=1 -D__HIP_PLATFORM_AMD__=1 -I/app/rocm-libraries/projects/rocprim/test/rocprim/../../test/rocprim -I/app/rocm-libraries/projects/rocprim/build/rocprim/include -I/app/rocm-libraries/projects/rocprim/build/rocprim/include/rocprim -I/app/rocm-libraries/projects/rocprim/rocprim/include -isystem /app/rocm-libraries/projects/rocprim/test -isystem /app/rocm-libraries/projects/rocprim/build/_deps/googletest-src/googletest/include -isystem /app/rocm-libraries/projects/rocprim/build/_deps/googletest-src/googletest --offload-compress -O3 -DNDEBUG -x hip -std=c++17 -MD -MT test/rocprim/CMakeFiles/test_block_adjacent_difference.dir/test_block_adjacent_difference.parallel/test_block_adjacent_difference_1.cpp.o -MF CMakeFiles/test_block_adjacent_difference.dir/test_block_adjacent_difference.parallel/test_block_adjacent_difference_1.cpp.o.d -o \\\"CMakeFiles/test_block_adjacent_difference.dir/test_block_adjacent_difference.parallel/test_block_adjacent_difference_1.cpp.o\\\" -c /app/rocm-libraries/projects/rocprim/build/test/rocprim/test_block_adjacent_difference.parallel/test_block_adjacent_difference_1.cpp\\ngmake[3]: *** [test/rocprim/CMakeFiles/test_block_adjacent_difference.dir/build.make:90: test/rocprim/CMakeFiles/test_block_adjacent_difference.dir/test_block_adjacent_difference.parallel/test_block_adjacent_difference_1.cpp.o] Error 1\\ngmake[3]: *** Waiting for unfinished jobs....\\n8 errors generated when compiling for gfx942.\\nfailed to execute:/opt/rocm-7.0.2/lib/llvm/bin/clang++  --offload-arch=gfx942  -DUSE_PROF_API=1 -D__HIP_PLATFORM_AMD__=1 -I/app/rocm-libraries/projects/rocprim/test/rocprim/../../test/rocprim -I/app/rocm-libraries/projects/rocprim/build/rocprim/include -I/app/rocm-libraries/projects/rocprim/build/rocprim/include/rocprim -I/app/rocm-libraries/projects/rocprim/rocprim/include -isystem /app/rocm-libraries/projects/rocprim/test -isystem /app/rocm-libraries/projects/rocprim/build/_deps/googletest-src/googletest/include -isystem /app/rocm-libraries/projects/rocprim/build/_deps/googletest-src/googletest --offload-compress -O3 -DNDEBUG -x hip -std=c++17 -MD -MT test/rocprim/CMakeFiles/test_block_adjacent_difference.dir/test_block_adjacent_difference.parallel/test_block_adjacent_difference_0.cpp.o -MF CMakeFiles/test_block_adjacent_difference.dir/test_block_adjacent_difference.parallel/test_block_adjacent_difference_0.cpp.o.d -o \\\"CMakeFiles/test_block_adjacent_difference.dir/test_block_adjacent_difference.parallel/test_block_adjacent_difference_0.cpp.o\\\" -c /app/rocm-libraries/projects/rocprim/build/test/rocprim/test_block_adjacent_difference.parallel/test_block_adjacent_difference_0.cpp\\ngmake[3]: *** [test/rocprim/CMakeFiles/test_block_adjacent_difference.dir/build.make:76: test/rocprim/CMakeFiles/test_block_adjacent_difference.dir/test_block_adjacent_difference.parallel/test_block_adjacent_difference_0.cpp.o] Error 1\\n8 errors generated when compiling for gfx942.\\nfailed to execute:/opt/rocm-7.0.2/lib/llvm/bin/clang++  --offload-arch=gfx942  -DUSE_PROF_API=1 -D__HIP_PLATFORM_AMD__=1 -I/app/rocm-libraries/projects/rocprim/test/rocprim/../../test/rocprim -I/app/rocm-libraries/projects/rocprim/build/rocprim/include -I/app/rocm-libraries/projects/rocprim/build/rocprim/include/rocprim -I/app/rocm-libraries/projects/rocprim/rocprim/include -isystem /app/rocm-libraries/projects/rocprim/test -isystem /app/rocm-libraries/projects/rocprim/build/_deps/googletest-src/googletest/include -isystem /app/rocm-libraries/projects/rocprim/build/_deps/googletest-src/googletest --offload-compress -O3 -DNDEBUG -x hip -std=c++17 -MD -MT test/rocprim/CMakeFiles/test_block_adjacent_difference.dir/test_block_adjacent_difference.parallel/test_block_adjacent_difference_2.cpp.o -MF CMakeFiles/test_block_adjacent_difference.dir/test_block_adjacent_difference.parallel/test_block_adjacent_difference_2.cpp.o.d -o \\\"CMakeFiles/test_block_adjacent_difference.dir/test_block_adjacent_difference.parallel/test_block_adjacent_difference_2.cpp.o\\\" -c /app/rocm-libraries/projects/rocprim/build/test/rocprim/test_block_adjacent_difference.parallel/test_block_adjacent_difference_2.cpp\\ngmake[3]: *** [test/rocprim/CMakeFiles/test_block_adjacent_difference.dir/build.make:104: test/rocprim/CMakeFiles/test_block_adjacent_difference.dir/test_block_adjacent_difference.parallel/test_block_adjacent_difference_2.cpp.o] Error 1\\ngmake[2]: *** [CMakeFiles/Makefile2:842: test/rocprim/CMakeFiles/test_block_adjacent_difference.dir/all] Error 2\\ngmake[1]: *** [CMakeFiles/Makefile2:849: test/rocprim/CMakeFiles/test_block_adjacent_difference.dir/rule] Error 2\\ngmake: *** [Makefile:368: test_block_adjacent_difference] Error 2\\n\",\"build_time_seconds\":3.8522849082946777,\"container_id\":\"3c323397ab297638ad2c394073f79d2c0e5520d1233223dbf40770f3074f5143\",\"error\":\"Test build failed\",\"phase\":\"build_test\",\"reason\":\"Build failed\",\"reward\":-1.0,\"success\":false}\n",
        "json": {
          "build_output": "[ 25%] Built target gtest\n[ 50%] Built target gtest_main\n[ 75%] Building CXX object test/rocprim/CMakeFiles/test_block_adjacent_difference.dir/test_block_adjacent_difference.parallel/test_block_adjacent_difference_0.cpp.o\n[ 75%] Building CXX object test/rocprim/CMakeFiles/test_block_adjacent_difference.dir/test_block_adjacent_difference.parallel/test_block_adjacent_difference_1.cpp.o\n[ 75%] Building CXX object test/rocprim/CMakeFiles/test_block_adjacent_difference.dir/test_block_adjacent_difference.parallel/test_block_adjacent_difference_2.cpp.o\nIn file included from /app/rocm-libraries/projects/rocprim/build/test/rocprim/test_block_adjacent_difference.parallel/test_block_adjacent_difference_0.cpp:26:\nIn file included from /app/rocm-libraries/projects/rocprim/rocprim/include/rocprim/block/block_adjacent_difference.hpp:34:\n/app/rocm-libraries/projects/rocprim/rocprim/include/rocprim/block/detail/block_adjacent_difference_impl.hpp:125:122: error: template argument for non-type template parameter must be an expression\n  125 |         if constexpr(ItemsPerThread == 1 && BlockSize <= ROCPRIM_WARP_SIZE && ::rocprim::detail::is_warpsize_shuffleable<T>::value)\n      |                                                                                                                          ^\n/app/rocm-libraries/projects/rocprim/rocprim/include/rocprim/intrinsics/../detail/various.hpp:116:23: note: template parameter is declared here\n  116 | template<unsigned int WarpSize>\n      |                       ^\nIn file included from /app/rocm-libraries/projects/rocprim/build/test/rocprim/test_block_adjacent_difference.parallel/test_block_adjacent_difference_0.cpp:26:\nIn file included from /app/rocm-libraries/projects/rocprim/rocprim/include/rocprim/block/block_adjacent_difference.hpp:34:\n/app/rocm-libraries/projects/rocprim/rocprim/include/rocprim/block/detail/block_adjacent_difference_impl.hpp:125:58: error: use of undeclared identifier 'ROCPRIM_WARP_SIZE'\n  125 |         if constexpr(ItemsPerThread == 1 && BlockSize <= ROCPRIM_WARP_SIZE && ::rocprim::detail::is_warpsize_shuffleable<T>::value)\n      |                                                          ^\nIn file included from /app/rocm-libraries/projects/rocprim/build/test/rocprim/test_block_adjacent_difference.parallel/test_block_adjacent_difference_2.cpp:26:\nIn file included from /app/rocm-libraries/projects/rocprim/rocprim/include/rocprim/block/block_adjacent_difference.hpp:34:\n/app/rocm-libraries/projects/rocprim/rocprim/include/rocprim/block/detail/block_adjacent_difference_impl.hpp:125:122: error: template argument for non-type template parameter must be an expression\n  125 |         if constexpr(ItemsPerThread == 1 && BlockSize <= ROCPRIM_WARP_SIZE && ::rocprim::detail::is_warpsize_shuffleable<T>::value)\n      |                                                                                                                          ^\n/app/rocm-libraries/projects/rocprim/rocprim/include/rocprim/intrinsics/../detail/various.hpp:116:23: note: template parameter is declared here\n  116 | template<unsigned int WarpSize>\n      |                       ^\nIn file included from /app/rocm-libraries/projects/rocprim/build/test/rocprim/test_block_adjacent_difference.parallel/test_block_adjacent_difference_2.cpp:26:\nIn file included from /app/rocm-libraries/projects/rocprim/rocprim/include/rocprim/block/block_adjacent_difference.hpp:34:\n/app/rocm-libraries/projects/rocprim/rocprim/include/rocprim/block/detail/block_adjacent_difference_impl.hpp:125:58: error: use of undeclared identifier 'ROCPRIM_WARP_SIZE'\n  125 |         if constexpr(ItemsPerThread == 1 && BlockSize <= ROCPRIM_WARP_SIZE && ::rocprim::detail::is_warpsize_shuffleable<T>::value)\n      |                                                          ^\nIn file included from /app/rocm-libraries/projects/rocprim/build/test/rocprim/test_block_adjacent_difference.parallel/test_block_adjacent_difference_1.cpp:26:\nIn file included from /app/rocm-libraries/projects/rocprim/rocprim/include/rocprim/block/block_adjacent_difference.hpp:34:\n/app/rocm-libraries/projects/rocprim/rocprim/include/rocprim/block/detail/block_adjacent_difference_impl.hpp:125:122: error: template argument for non-type template parameter must be an expression\n  125 |         if constexpr(ItemsPerThread == 1 && BlockSize <= ROCPRIM_WARP_SIZE && ::rocprim::detail::is_warpsize_shuffleable<T>::value)\n      |                                                                                                                          ^\n/app/rocm-libraries/projects/rocprim/rocprim/include/rocprim/intrinsics/../detail/various.hpp:116:23: note: template parameter is declared here\n  116 | template<unsigned int WarpSize>\n      |                       ^\nIn file included from /app/rocm-libraries/projects/rocprim/build/test/rocprim/test_block_adjacent_difference.parallel/test_block_adjacent_difference_1.cpp:26:\nIn file included from /app/rocm-libraries/projects/rocprim/rocprim/include/rocprim/block/block_adjacent_difference.hpp:34:\n/app/rocm-libraries/projects/rocprim/rocprim/include/rocprim/block/detail/block_adjacent_difference_impl.hpp:125:58: error: use of undeclared identifier 'ROCPRIM_WARP_SIZE'\n  125 |         if constexpr(ItemsPerThread == 1 && BlockSize <= ROCPRIM_WARP_SIZE && ::rocprim::detail::is_warpsize_shuffleable<T>::value)\n      |                                                          ^\n/app/rocm-libraries/projects/rocprim/rocprim/include/rocprim/block/detail/block_adjacent_difference_impl.hpp:129:43: error: no member named 'warp_shuffle_up' in namespace 'rocprim'\n  129 |             predecessor_item = ::rocprim::warp_shuffle_up(predecessor_item, 1, ROCPRIM_WARP_SIZE);\n      |                                ~~~~~~~~~~~^\n/app/rocm-libraries/projects/rocprim/rocprim/include/rocprim/block/detail/block_adjacent_difference_impl.hpp:129:80: error: use of undeclared identifier 'ROCPRIM_WARP_SIZE'\n  129 |             predecessor_item = ::rocprim::warp_shuffle_up(predecessor_item, 1, ROCPRIM_WARP_SIZE);\n      |                                                                                ^\n/app/rocm-libraries/projects/rocprim/rocprim/include/rocprim/block/detail/block_adjacent_difference_impl.hpp:129:43: error: no member named 'warp_shuffle_up' in namespace 'rocprim'\n  129 |             predecessor_item = ::rocprim::warp_shuffle_up(predecessor_item, 1, ROCPRIM_WARP_SIZE);\n      |                                ~~~~~~~~~~~^\n/app/rocm-libraries/projects/rocprim/rocprim/include/rocprim/block/detail/block_adjacent_difference_impl.hpp:129:80: error: use of undeclared identifier 'ROCPRIM_WARP_SIZE'\n  129 |             predecessor_item = ::rocprim::warp_shuffle_up(predecessor_item, 1, ROCPRIM_WARP_SIZE);\n      |                                                                                ^\n/app/rocm-libraries/projects/rocprim/rocprim/include/rocprim/block/detail/block_adjacent_difference_impl.hpp:129:43: error: no member named 'warp_shuffle_up' in namespace 'rocprim'\n  129 |             predecessor_item = ::rocprim::warp_shuffle_up(predecessor_item, 1, ROCPRIM_WARP_SIZE);\n      |                                ~~~~~~~~~~~^\n/app/rocm-libraries/projects/rocprim/rocprim/include/rocprim/block/detail/block_adjacent_difference_impl.hpp:129:80: error: use of undeclared identifier 'ROCPRIM_WARP_SIZE'\n  129 |             predecessor_item = ::rocprim::warp_shuffle_up(predecessor_item, 1, ROCPRIM_WARP_SIZE);\n      |                                                                                ^\n/app/rocm-libraries/projects/rocprim/rocprim/include/rocprim/block/detail/block_adjacent_difference_impl.hpp:285:122: error: template argument for non-type template parameter must be an expression\n  285 |         if constexpr(ItemsPerThread == 1 && BlockSize <= ROCPRIM_WARP_SIZE && ::rocprim::detail::is_warpsize_shuffleable<T>::value)\n      |                                                                                                                          ^\n/app/rocm-libraries/projects/rocprim/rocprim/include/rocprim/intrinsics/../detail/various.hpp:116:23: note: template parameter is declared here\n  116 | template<unsigned int WarpSize>\n      |                       ^\nIn file included from /app/rocm-libraries/projects/rocprim/build/test/rocprim/test_block_adjacent_difference.parallel/test_block_adjacent_difference_0.cpp:26:\nIn file included from /app/rocm-libraries/projects/rocprim/rocprim/include/rocprim/block/block_adjacent_difference.hpp:34:\n/app/rocm-libraries/projects/rocprim/rocprim/include/rocprim/block/detail/block_adjacent_difference_impl.hpp:285:58: error: use of undeclared identifier 'ROCPRIM_WARP_SIZE'\n  285 |         if constexpr(ItemsPerThread == 1 && BlockSize <= ROCPRIM_WARP_SIZE && ::rocprim::detail::is_warpsize_shuffleable<T>::value)\n      |                                                          ^\n/app/rocm-libraries/projects/rocprim/rocprim/include/rocprim/block/detail/block_adjacent_difference_impl.hpp:285:122: error: template argument for non-type template parameter must be an expression\n  285 |         if constexpr(ItemsPerThread == 1 && BlockSize <= ROCPRIM_WARP_SIZE && ::rocprim::detail::is_warpsize_shuffleable<T>::value)\n      |                                                                                                                          ^\n/app/rocm-libraries/projects/rocprim/rocprim/include/rocprim/intrinsics/../detail/various.hpp:116:23: note: template parameter is declared here\n  116 | template<unsigned int WarpSize>\n      |                       ^\nIn file included from /app/rocm-libraries/projects/rocprim/build/test/rocprim/test_block_adjacent_difference.parallel/test_block_adjacent_difference_2.cpp:26:\nIn file included from /app/rocm-libraries/projects/rocprim/rocprim/include/rocprim/block/block_adjacent_difference.hpp:34:\n/app/rocm-libraries/projects/rocprim/rocprim/include/rocprim/block/detail/block_adjacent_difference_impl.hpp:285:58: error: use of undeclared identifier 'ROCPRIM_WARP_SIZE'\n  285 |         if constexpr(ItemsPerThread == 1 && BlockSize <= ROCPRIM_WARP_SIZE && ::rocprim::detail::is_warpsize_shuffleable<T>::value)\n      |                                                          ^\n/app/rocm-libraries/projects/rocprim/rocprim/include/rocprim/block/detail/block_adjacent_difference_impl.hpp:285:122: error: template argument for non-type template parameter must be an expression\n  285 |         if constexpr(ItemsPerThread == 1 && BlockSize <= ROCPRIM_WARP_SIZE && ::rocprim::detail::is_warpsize_shuffleable<T>::value)\n      |                                                                                                                          ^\n/app/rocm-libraries/projects/rocprim/rocprim/include/rocprim/intrinsics/../detail/various.hpp:116:23: note: template parameter is declared here\n  116 | template<unsigned int WarpSize>\n      |                       ^\nIn file included from /app/rocm-libraries/projects/rocprim/build/test/rocprim/test_block_adjacent_difference.parallel/test_block_adjacent_difference_1.cpp:26:\nIn file included from /app/rocm-libraries/projects/rocprim/rocprim/include/rocprim/block/block_adjacent_difference.hpp:34:\n/app/rocm-libraries/projects/rocprim/rocprim/include/rocprim/block/detail/block_adjacent_difference_impl.hpp:285:58: error: use of undeclared identifier 'ROCPRIM_WARP_SIZE'\n  285 |         if constexpr(ItemsPerThread == 1 && BlockSize <= ROCPRIM_WARP_SIZE && ::rocprim::detail::is_warpsize_shuffleable<T>::value)\n      |                                                          ^\n/app/rocm-libraries/projects/rocprim/rocprim/include/rocprim/block/detail/block_adjacent_difference_impl.hpp:289:41: error: no member named 'warp_shuffle_down' in namespace 'rocprim'\n  289 |             successor_item = ::rocprim::warp_shuffle_down(successor_item, 1, ROCPRIM_WARP_SIZE);\n      |                              ~~~~~~~~~~~^\n/app/rocm-libraries/projects/rocprim/rocprim/include/rocprim/block/detail/block_adjacent_difference_impl.hpp:289:78: error: use of undeclared identifier 'ROCPRIM_WARP_SIZE'\n  289 |             successor_item = ::rocprim::warp_shuffle_down(successor_item, 1, ROCPRIM_WARP_SIZE);\n      |                                                                              ^\n/app/rocm-libraries/projects/rocprim/rocprim/include/rocprim/block/detail/block_adjacent_difference_impl.hpp:289:41: error: no member named 'warp_shuffle_down' in namespace 'rocprim'\n  289 |             successor_item = ::rocprim::warp_shuffle_down(successor_item, 1, ROCPRIM_WARP_SIZE);\n      |                              ~~~~~~~~~~~^\n/app/rocm-libraries/projects/rocprim/rocprim/include/rocprim/block/detail/block_adjacent_difference_impl.hpp:289:78: error: use of undeclared identifier 'ROCPRIM_WARP_SIZE'\n  289 |             successor_item = ::rocprim::warp_shuffle_down(successor_item, 1, ROCPRIM_WARP_SIZE);\n      |                                                                              ^\n/app/rocm-libraries/projects/rocprim/rocprim/include/rocprim/block/detail/block_adjacent_difference_impl.hpp:289:41: error: no member named 'warp_shuffle_down' in namespace 'rocprim'\n  289 |             successor_item = ::rocprim::warp_shuffle_down(successor_item, 1, ROCPRIM_WARP_SIZE);\n      |                              ~~~~~~~~~~~^\n/app/rocm-libraries/projects/rocprim/rocprim/include/rocprim/block/detail/block_adjacent_difference_impl.hpp:289:78: error: use of undeclared identifier 'ROCPRIM_WARP_SIZE'\n  289 |             successor_item = ::rocprim::warp_shuffle_down(successor_item, 1, ROCPRIM_WARP_SIZE);\n      |                                                                              ^\n8 errors generated when compiling for gfx942.\nfailed to execute:/opt/rocm-7.0.2/lib/llvm/bin/clang++  --offload-arch=gfx942  -DUSE_PROF_API=1 -D__HIP_PLATFORM_AMD__=1 -I/app/rocm-libraries/projects/rocprim/test/rocprim/../../test/rocprim -I/app/rocm-libraries/projects/rocprim/build/rocprim/include -I/app/rocm-libraries/projects/rocprim/build/rocprim/include/rocprim -I/app/rocm-libraries/projects/rocprim/rocprim/include -isystem /app/rocm-libraries/projects/rocprim/test -isystem /app/rocm-libraries/projects/rocprim/build/_deps/googletest-src/googletest/include -isystem /app/rocm-libraries/projects/rocprim/build/_deps/googletest-src/googletest --offload-compress -O3 -DNDEBUG -x hip -std=c++17 -MD -MT test/rocprim/CMakeFiles/test_block_adjacent_difference.dir/test_block_adjacent_difference.parallel/test_block_adjacent_difference_1.cpp.o -MF CMakeFiles/test_block_adjacent_difference.dir/test_block_adjacent_difference.parallel/test_block_adjacent_difference_1.cpp.o.d -o \"CMakeFiles/test_block_adjacent_difference.dir/test_block_adjacent_difference.parallel/test_block_adjacent_difference_1.cpp.o\" -c /app/rocm-libraries/projects/rocprim/build/test/rocprim/test_block_adjacent_difference.parallel/test_block_adjacent_difference_1.cpp\ngmake[3]: *** [test/rocprim/CMakeFiles/test_block_adjacent_difference.dir/build.make:90: test/rocprim/CMakeFiles/test_block_adjacent_difference.dir/test_block_adjacent_difference.parallel/test_block_adjacent_difference_1.cpp.o] Error 1\ngmake[3]: *** Waiting for unfinished jobs....\n8 errors generated when compiling for gfx942.\nfailed to execute:/opt/rocm-7.0.2/lib/llvm/bin/clang++  --offload-arch=gfx942  -DUSE_PROF_API=1 -D__HIP_PLATFORM_AMD__=1 -I/app/rocm-libraries/projects/rocprim/test/rocprim/../../test/rocprim -I/app/rocm-libraries/projects/rocprim/build/rocprim/include -I/app/rocm-libraries/projects/rocprim/build/rocprim/include/rocprim -I/app/rocm-libraries/projects/rocprim/rocprim/include -isystem /app/rocm-libraries/projects/rocprim/test -isystem /app/rocm-libraries/projects/rocprim/build/_deps/googletest-src/googletest/include -isystem /app/rocm-libraries/projects/rocprim/build/_deps/googletest-src/googletest --offload-compress -O3 -DNDEBUG -x hip -std=c++17 -MD -MT test/rocprim/CMakeFiles/test_block_adjacent_difference.dir/test_block_adjacent_difference.parallel/test_block_adjacent_difference_0.cpp.o -MF CMakeFiles/test_block_adjacent_difference.dir/test_block_adjacent_difference.parallel/test_block_adjacent_difference_0.cpp.o.d -o \"CMakeFiles/test_block_adjacent_difference.dir/test_block_adjacent_difference.parallel/test_block_adjacent_difference_0.cpp.o\" -c /app/rocm-libraries/projects/rocprim/build/test/rocprim/test_block_adjacent_difference.parallel/test_block_adjacent_difference_0.cpp\ngmake[3]: *** [test/rocprim/CMakeFiles/test_block_adjacent_difference.dir/build.make:76: test/rocprim/CMakeFiles/test_block_adjacent_difference.dir/test_block_adjacent_difference.parallel/test_block_adjacent_difference_0.cpp.o] Error 1\n8 errors generated when compiling for gfx942.\nfailed to execute:/opt/rocm-7.0.2/lib/llvm/bin/clang++  --offload-arch=gfx942  -DUSE_PROF_API=1 -D__HIP_PLATFORM_AMD__=1 -I/app/rocm-libraries/projects/rocprim/test/rocprim/../../test/rocprim -I/app/rocm-libraries/projects/rocprim/build/rocprim/include -I/app/rocm-libraries/projects/rocprim/build/rocprim/include/rocprim -I/app/rocm-libraries/projects/rocprim/rocprim/include -isystem /app/rocm-libraries/projects/rocprim/test -isystem /app/rocm-libraries/projects/rocprim/build/_deps/googletest-src/googletest/include -isystem /app/rocm-libraries/projects/rocprim/build/_deps/googletest-src/googletest --offload-compress -O3 -DNDEBUG -x hip -std=c++17 -MD -MT test/rocprim/CMakeFiles/test_block_adjacent_difference.dir/test_block_adjacent_difference.parallel/test_block_adjacent_difference_2.cpp.o -MF CMakeFiles/test_block_adjacent_difference.dir/test_block_adjacent_difference.parallel/test_block_adjacent_difference_2.cpp.o.d -o \"CMakeFiles/test_block_adjacent_difference.dir/test_block_adjacent_difference.parallel/test_block_adjacent_difference_2.cpp.o\" -c /app/rocm-libraries/projects/rocprim/build/test/rocprim/test_block_adjacent_difference.parallel/test_block_adjacent_difference_2.cpp\ngmake[3]: *** [test/rocprim/CMakeFiles/test_block_adjacent_difference.dir/build.make:104: test/rocprim/CMakeFiles/test_block_adjacent_difference.dir/test_block_adjacent_difference.parallel/test_block_adjacent_difference_2.cpp.o] Error 1\ngmake[2]: *** [CMakeFiles/Makefile2:842: test/rocprim/CMakeFiles/test_block_adjacent_difference.dir/all] Error 2\ngmake[1]: *** [CMakeFiles/Makefile2:849: test/rocprim/CMakeFiles/test_block_adjacent_difference.dir/rule] Error 2\ngmake: *** [Makefile:368: test_block_adjacent_difference] Error 2\n",
          "build_time_seconds": 3.8522849082946777,
          "container_id": "3c323397ab297638ad2c394073f79d2c0e5520d1233223dbf40770f3074f5143",
          "error": "Test build failed",
          "phase": "build_test",
          "reason": "Build failed",
          "reward": -1.0,
          "success": false
        }
      },
      "meta": {
        "reason": null,
        "success": false,
        "error": "Test build failed"
      },
      "extracted": {
        "reward": 0.0,
        "speedup": -1.0,
        "exit_code": null,
        "timed_out": null,
        "gpu_id": null,
        "stdout_preview": null,
        "build_output": "[ 25%] Built target gtest\n[ 50%] Built target gtest_main\n[ 75%] Building CXX object test/rocprim/CMakeFiles/test_block_adjacent_difference.dir/test_block_adjacent_difference.parallel/test_block_adjacent_difference_0.cpp.o\n[ 75%] Building CXX object test/rocprim/CMakeFiles/test_block_adjacent_difference.dir/test_block_adjacent_difference.parallel/test_block_adjacent_difference_1.cpp.o\n[ 75%] Building CXX object test/rocprim/CMakeFiles/test_block_adjacent_difference.dir/test_block_adjacent_difference.parallel/test_block_adjacent_difference_2.cpp.o\nIn file included from /app/rocm-libraries/projects/rocprim/build/test/rocprim/test_block_adjacent_difference.parallel/test_block_adjacent_difference_0.cpp:26:\nIn file included from /app/rocm-libraries/projects/rocprim/rocprim/include/rocprim/block/block_adjacent_difference.hpp:34:\n/app/rocm-libraries/projects/rocprim/rocprim/include/rocprim/block/detail/block_adjacent_difference_impl.hpp:125:122: error: template argument for non-type template parameter must be an expression\n  125 |         if constexpr(ItemsPerThread == 1 && BlockSize <= ROCPRIM_WARP_SIZE && ::rocprim::detail::is_warpsize_shuffleable<T>::value)\n      |                                                                                                                          ^\n/app/rocm-libraries/projects/rocprim/rocprim/include/rocprim/intrinsics/../detail/various.hpp:116:23: note: template parameter is declared here\n  116 | template<unsigned int WarpSize>\n      |                       ^\nIn file included from /app/rocm-libraries/projects/rocprim/build/test/rocprim/test_block_adjacent_difference.parallel/test_block_adjacent_difference_0.cpp:26:\nIn file included from /app/rocm-libraries/projects/rocprim/rocprim/include/rocprim/block/block_adjacent_difference.hpp:34:\n/app/rocm-libraries/projects/rocprim/rocprim/include/rocprim/block/detail/block_adjacent_difference_impl.hpp:125:58: error: use of undeclared identifier 'ROCPRIM_WARP_SIZE'\n  125 |         if constexpr(ItemsPerThread == 1 && BlockSize <= ROCPRIM_WARP_SIZE && ::rocprim::detail::is_warpsize_shuffleable<T>::value)\n      |                                                          ^\nIn file included from /app/rocm-libraries/projects/rocprim/build/test/rocprim/test_block_adjacent_difference.parallel/test_block_adjacent_difference_2.cpp:26:\nIn file included from /app/rocm-libraries/projects/rocprim/rocprim/include/rocprim/block/block_adjacent_difference.hpp:34:\n/app/rocm-libraries/projects/rocprim/rocprim/include/rocprim/block/detail/block_adjacent_difference_impl.hpp:125:122: error: template argument for non-type template parameter must be an expression\n  125 |         if constexpr(ItemsPerThread == 1 && BlockSize <= ROCPRIM_WARP_SIZE && ::rocprim::detail::is_warpsize_shuffleable<T>::value)\n      |                                                                                                                          ^\n/app/rocm-libraries/projects/rocprim/rocprim/include/rocprim/intrinsics/../detail/various.hpp:116:23: note: template parameter is declared here\n  116 | template<unsigned int WarpSize>\n      |                       ^\nIn file included from /app/rocm-libraries/projects/rocprim/build/test/rocprim/test_block_adjacent_difference.parallel/test_block_adjacent_difference_2.cpp:26:\nIn file included from /app/rocm-libraries/projects/rocprim/rocprim/include/rocprim/block/block_adjacent_difference.hpp:34:\n/app/rocm-libraries/projects/rocprim/rocprim/include/rocprim/block/detail/block_adjacent_difference_impl.hpp:125:58: error: use of undeclared identifier 'ROCPRIM_WARP_SIZE'\n  125 |         if constexpr(ItemsPerThread == 1 && BlockSize <= ROCPRIM_WARP_SIZE && ::rocprim::detail::is_warpsize_shuffleable<T>::value)\n      |                                                          ^\nIn file included from /app/rocm-libraries/projects/rocprim/build/test/rocprim/test_block_adjacent_difference.parallel/test_block_adjacent_difference_1.cpp:26:\nIn file included from /app/rocm-libraries/projects/rocprim/rocprim/include/rocprim/block/block_adjacent_difference.hpp:34:\n/app/rocm-libraries/projects/rocprim/rocprim/include/rocprim/block/detail/block_adjacent_difference_impl.hpp:125:122: error: template argument for non-type template parameter must be an expression\n  125 |         if constexpr(ItemsPerThread == 1 && BlockSize <= ROCPRIM_WARP_SIZE && ::rocprim::detail::is_warpsize_shuffleable<T>::value)\n      |                                                                                                                          ^\n/app/rocm-libraries/projects/rocprim/rocprim/include/rocprim/intrinsics/../detail/various.hpp:116:23: note: template parameter is declared here\n  116 | template<unsigned int WarpSize>\n      |                       ^\nIn file included from /app/rocm-libraries/projects/rocprim/build/test/rocprim/test_block_adjacent_difference.parallel/test_block_adjacent_difference_1.cpp:26:\nIn file included from /app/rocm-libraries/projects/rocprim/rocprim/include/rocprim/block/block_adjacent_difference.hpp:34:\n/app/rocm-libraries/projects/rocprim/rocprim/include/rocprim/block/detail/block_adjacent_difference_impl.hpp:125:58: error: use of undeclared identifier 'ROCPRIM_WARP_SIZE'\n  125 |         if constexpr(ItemsPerThread == 1 && BlockSize <= ROCPRIM_WARP_SIZE && ::rocprim::detail::is_warpsize_shuffleable<T>::value)\n      |                                                          ^\n/app/rocm-libraries/projects/rocprim/rocprim/include/rocprim/block/detail/block_adjacent_difference_impl.hpp:129:43: error: no member named 'warp_shuffle_up' in namespace 'rocprim'\n  129 |             predecessor_item = ::rocprim::warp_shuffle_up(predecessor_item, 1, ROCPRIM_WARP_SIZE);\n      |                                ~~~~~~~~~~~^\n/app/rocm-libraries/projects/rocprim/rocprim/include/rocprim/block/detail/block_adjacent_difference_impl.hpp:129:80: error: use of undeclared identifier 'ROCPRIM_WARP_SIZE'\n  129 |             predecessor_item = ::rocprim::warp_shuffle_up(predecessor_item, 1, ROCPRIM_WARP_SIZE);\n      |                                                                                ^\n/app/rocm-libraries/projects/rocprim/rocprim/include/rocprim/block/detail/block_adjacent_difference_impl.hpp:129:43: error: no member named 'warp_shuffle_up' in namespace 'rocprim'\n  129 |             predecessor_item = ::rocprim::warp_shuffle_up(predecessor_item, 1, ROCPRIM_WARP_SIZE);\n      |                                ~~~~~~~~~~~^\n/app/rocm-libraries/projects/rocprim/rocprim/include/rocprim/block/detail/block_adjacent_difference_impl.hpp:129:80: error: use of undeclared identifier 'ROCPRIM_WARP_SIZE'\n  129 |             predecessor_item = ::rocprim::warp_shuffle_up(predecessor_item, 1, ROCPRIM_WARP_SIZE);\n      |                                                                                ^\n/app/rocm-libraries/projects/rocprim/rocprim/include/rocprim/block/detail/block_adjacent_difference_impl.hpp:129:43: error: no member named 'warp_shuffle_up' in namespace 'rocprim'\n  129 |             predecessor_item = ::rocprim::warp_shuffle_up(predecessor_item, 1, ROCPRIM_WARP_SIZE);\n      |                                ~~~~~~~~~~~^\n/app/rocm-libraries/projects/rocprim/rocprim/include/rocprim/block/detail/block_adjacent_difference_impl.hpp:129:80: error: use of undeclared identifier 'ROCPRIM_WARP_SIZE'\n  129 |             predecessor_item = ::rocprim::warp_shuffle_up(predecessor_item, 1, ROCPRIM_WARP_SIZE);\n      |                                                                                ^\n/app/rocm-libraries/projects/rocprim/rocprim/include/rocprim/block/detail/block_adjacent_difference_impl.hpp:285:122: error: template argument for non-type template parameter must be an expression\n  285 |         if constexpr(ItemsPerThread == 1 && BlockSize <= ROCPRIM_WARP_SIZE && ::rocprim::detail::is_warpsize_shuffleable<T>::value)\n      |                                                                                                                          ^\n/app/rocm-libraries/projects/rocprim/rocprim/include/rocprim/intrinsics/../detail/various.hpp:116:23: note: template parameter is declared here\n  116 | template<unsigned int WarpSize>\n      |                       ^\nIn file included from /app/rocm-libraries/projects/rocprim/build/test/rocprim/test_block_adjacent_difference.parallel/test_block_adjacent_difference_0.cpp:26:\nIn file included from /app/rocm-libraries/projects/rocprim/rocprim/include/rocprim/block/block_adjacent_difference.hpp:34:\n/app/rocm-libraries/projects/rocprim/rocprim/include/rocprim/block/detail/block_adjacent_difference_impl.hpp:285:58: error: use of undeclared identifier 'ROCPRIM_WARP_SIZE'\n  285 |         if constexpr(ItemsPerThread == 1 && BlockSize <= ROCPRIM_WARP_SIZE && ::rocprim::detail::is_warpsize_shuffleable<T>::value)\n      |                                                          ^\n/app/rocm-libraries/projects/rocprim/rocprim/include/rocprim/block/detail/block_adjacent_difference_impl.hpp:285:122: error: template argument for non-type template parameter must be an expression\n  285 |         if constexpr(ItemsPerThread == 1 && BlockSize <= ROCPRIM_WARP_SIZE && ::rocprim::detail::is_warpsize_shuffleable<T>::value)\n      |                                                                                                                          ^\n/app/rocm-libraries/projects/rocprim/rocprim/include/rocprim/intrinsics/../detail/various.hpp:116:23: note: template parameter is declared here\n  116 | template<unsigned int WarpSize>\n      |                       ^\nIn file included from /app/rocm-libraries/projects/rocprim/build/test/rocprim/test_block_adjacent_difference.parallel/test_block_adjacent_difference_2.cpp:26:\nIn file included from /app/rocm-libraries/projects/rocprim/rocprim/include/rocprim/block/block_adjacent_difference.hpp:34:\n/app/rocm-libraries/projects/rocprim/rocprim/include/rocprim/block/detail/block_adjacent_difference_impl.hpp:285:58: error: use of undeclared identifier 'ROCPRIM_WARP_SIZE'\n  285 |         if constexpr(ItemsPerThread == 1 && BlockSize <= ROCPRIM_WARP_SIZE && ::rocprim::detail::is_warpsize_shuffleable<T>::value)\n      |                                                          ^\n/app/rocm-libraries/projects/rocprim/rocprim/include/rocprim/block/detail/block_adjacent_difference_impl.hpp:285:122: error: template argument for non-type template parameter must be an expression\n  285 |         if constexpr(ItemsPerThread == 1 && BlockSize <= ROCPRIM_WARP_SIZE && ::rocprim::detail::is_warpsize_shuffleable<T>::value)\n      |                                                                                                                          ^\n/app/rocm-libraries/projects/rocprim/rocprim/include/rocprim/intrinsics/../detail/various.hpp:116:23: note: template parameter is declared here\n  116 | template<unsigned int WarpSize>\n      |                       ^\nIn file included from /app/rocm-libraries/projects/rocprim/build/test/rocprim/test_block_adjacent_difference.parallel/test_block_adjacent_difference_1.cpp:26:\nIn file included from /app/rocm-libraries/projects/rocprim/rocprim/include/rocprim/block/block_adjacent_difference.hpp:34:\n/app/rocm-libraries/projects/rocprim/rocprim/include/rocprim/block/detail/block_adjacent_difference_impl.hpp:285:58: error: use of undeclared identifier 'ROCPRIM_WARP_SIZE'\n  285 |         if constexpr(ItemsPerThread == 1 && BlockSize <= ROCPRIM_WARP_SIZE && ::rocprim::detail::is_warpsize_shuffleable<T>::value)\n      |                                                          ^\n/app/rocm-libraries/projects/rocprim/rocprim/include/rocprim/block/detail/block_adjacent_difference_impl.hpp:289:41: error: no member named 'warp_shuffle_down' in namespace 'rocprim'\n  289 |             successor_item = ::rocprim::warp_shuffle_down(successor_item, 1, ROCPRIM_WARP_SIZE);\n      |                              ~~~~~~~~~~~^\n/app/rocm-libraries/projects/rocprim/rocprim/include/rocprim/block/detail/block_adjacent_difference_impl.hpp:289:78: error: use of undeclared identifier 'ROCPRIM_WARP_SIZE'\n  289 |             successor_item = ::rocprim::warp_shuffle_down(successor_item, 1, ROCPRIM_WARP_SIZE);\n      |                                                                              ^\n/app/rocm-libraries/projects/rocprim/rocprim/include/rocprim/block/detail/block_adjacent_difference_impl.hpp:289:41: error: no member named 'warp_shuffle_down' in namespace 'rocprim'\n  289 |             successor_item = ::rocprim::warp_shuffle_down(successor_item, 1, ROCPRIM_WARP_SIZE);\n      |                              ~~~~~~~~~~~^\n/app/rocm-libraries/projects/rocprim/rocprim/include/rocprim/block/detail/block_adjacent_difference_impl.hpp:289:78: error: use of undeclared identifier 'ROCPRIM_WARP_SIZE'\n  289 |             successor_item = ::rocprim::warp_shuffle_down(successor_item, 1, ROCPRIM_WARP_SIZE);\n      |                                                                              ^\n/app/rocm-libraries/projects/rocprim/rocprim/include/rocprim/block/detail/block_adjacent_difference_impl.hpp:289:41: error: no member named 'warp_shuffle_down' in namespace 'rocprim'\n  289 |             successor_item = ::rocprim::warp_shuffle_down(successor_item, 1, ROCPRIM_WARP_SIZE);\n      |                              ~~~~~~~~~~~^\n/app/rocm-libraries/projects/rocprim/rocprim/include/rocprim/block/detail/block_adjacent_difference_impl.hpp:289:78: error: use of undeclared identifier 'ROCPRIM_WARP_SIZE'\n  289 |             successor_item = ::rocprim::warp_shuffle_down(successor_item, 1, ROCPRIM_WARP_SIZE);\n      |                                                                              ^\n8 errors generated when compiling for gfx942.\nfailed to execute:/opt/rocm-7.0.2/lib/llvm/bin/clang++  --offload-arch=gfx942  -DUSE_PROF_API=1 -D__HIP_PLATFORM_AMD__=1 -I/app/rocm-libraries/projects/rocprim/test/rocprim/../../test/rocprim -I/app/rocm-libraries/projects/rocprim/build/rocprim/include -I/app/rocm-libraries/projects/rocprim/build/rocprim/include/rocprim -I/app/rocm-libraries/projects/rocprim/rocprim/include -isystem /app/rocm-libraries/projects/rocprim/test -isystem /app/rocm-libraries/projects/rocprim/build/_deps/googletest-src/googletest/include -isystem /app/rocm-libraries/projects/rocprim/build/_deps/googletest-src/googletest --offload-compress -O3 -DNDEBUG -x hip -std=c++17 -MD -MT test/rocprim/CMakeFiles/test_block_adjacent_difference.dir/test_block_adjacent_difference.parallel/test_block_adjacent_difference_1.cpp.o -MF CMakeFiles/test_block_adjacent_difference.dir/test_block_adjacent_difference.parallel/test_block_adjacent_difference_1.cpp.o.d -o \"CMakeFiles/test_block_adjacent_difference.dir/test_block_adjacent_difference.parallel/test_block_adjacent_difference_1.cpp.o\" -c /app/rocm-libraries/projects/rocprim/build/test/rocprim/test_block_adjacent_difference.parallel/test_block_adjacent_difference_1.cpp\ngmake[3]: *** [test/rocprim/CMakeFiles/test_block_adjacent_difference.dir/build.make:90: test/rocprim/CMakeFiles/test_block_adjacent_difference.dir/test_block_adjacent_difference.parallel/test_block_adjacent_difference_1.cpp.o] Error 1\ngmake[3]: *** Waiting for unfinished jobs....\n8 errors generated when compiling for gfx942.\nfailed to execute:/opt/rocm-7.0.2/lib/llvm/bin/clang++  --offload-arch=gfx942  -DUSE_PROF_API=1 -D__HIP_PLATFORM_AMD__=1 -I/app/rocm-libraries/projects/rocprim/test/rocprim/../../test/rocprim -I/app/rocm-libraries/projects/rocprim/build/rocprim/include -I/app/rocm-libraries/projects/rocprim/build/rocprim/include/rocprim -I/app/rocm-libraries/projects/rocprim/rocprim/include -isystem /app/rocm-libraries/projects/rocprim/test -isystem /app/rocm-libraries/projects/rocprim/build/_deps/googletest-src/googletest/include -isystem /app/rocm-libraries/projects/rocprim/build/_deps/googletest-src/googletest --offload-compress -O3 -DNDEBUG -x hip -std=c++17 -MD -MT test/rocprim/CMakeFiles/test_block_adjacent_difference.dir/test_block_adjacent_difference.parallel/test_block_adjacent_difference_0.cpp.o -MF CMakeFiles/test_block_adjacent_difference.dir/test_block_adjacent_difference.parallel/test_block_adjacent_difference_0.cpp.o.d -o \"CMakeFiles/test_block_adjacent_difference.dir/test_block_adjacent_difference.parallel/test_block_adjacent_difference_0.cpp.o\" -c /app/rocm-libraries/projects/rocprim/build/test/rocprim/test_block_adjacent_difference.parallel/test_block_adjacent_difference_0.cpp\ngmake[3]: *** [test/rocprim/CMakeFiles/test_block_adjacent_difference.dir/build.make:76: test/rocprim/CMakeFiles/test_block_adjacent_difference.dir/test_block_adjacent_difference.parallel/test_block_adjacent_difference_0.cpp.o] Error 1\n8 errors generated when compiling for gfx942.\nfailed to execute:/opt/rocm-7.0.2/lib/llvm/bin/clang++  --offload-arch=gfx942  -DUSE_PROF_API=1 -D__HIP_PLATFORM_AMD__=1 -I/app/rocm-libraries/projects/rocprim/test/rocprim/../../test/rocprim -I/app/rocm-libraries/projects/rocprim/build/rocprim/include -I/app/rocm-libraries/projects/rocprim/build/rocprim/include/rocprim -I/app/rocm-libraries/projects/rocprim/rocprim/include -isystem /app/rocm-libraries/projects/rocprim/test -isystem /app/rocm-libraries/projects/rocprim/build/_deps/googletest-src/googletest/include -isystem /app/rocm-libraries/projects/rocprim/build/_deps/googletest-src/googletest --offload-compress -O3 -DNDEBUG -x hip -std=c++17 -MD -MT test/rocprim/CMakeFiles/test_block_adjacent_difference.dir/test_block_adjacent_difference.parallel/test_block_adjacent_difference_2.cpp.o -MF CMakeFiles/test_block_adjacent_difference.dir/test_block_adjacent_difference.parallel/test_block_adjacent_difference_2.cpp.o.d -o \"CMakeFiles/test_block_adjacent_difference.dir/test_block_adjacent_difference.parallel/test_block_adjacent_difference_2.cpp.o\" -c /app/rocm-libraries/projects/rocprim/build/test/rocprim/test_block_adjacent_difference.parallel/test_block_adjacent_difference_2.cpp\ngmake[3]: *** [test/rocprim/CMakeFiles/test_block_adjacent_difference.dir/build.make:104: test/rocprim/CMakeFiles/test_block_adjacent_difference.dir/test_block_adjacent_difference.parallel/test_block_adjacent_difference_2.cpp.o] Error 1\ngmake[2]: *** [CMakeFiles/Makefile2:842: test/rocprim/CMakeFiles/test_block_adjacent_difference.dir/all] Error 2\ngmake[1]: *** [CMakeFiles/Makefile2:849: test/rocprim/CMakeFiles/test_block_adjacent_difference.dir/rule] Error 2\ngmake: *** [Makefile:368: test_block_adjacent_difference] Error 2\n"
      }
    }
  }
]